<?xml version="1.0" encoding="UTF-8"?>
<!-- Generated by org.testng.reporters.JUnitXMLReporter -->
<testsuite ignored="0" hostname="Optiplex" failures="0" tests="5" name="Default test" time="4.779" errors="0" timestamp="22 Jul 2023 13:32:08 GMT">
  <testcase classname="login.Signin" name="OpenUrl" time="4.096"/>
  <testcase classname="login.Signin" name="registerpage" time="0.356"/>
  <testcase classname="login.Signin" name="title" time="0.01"/>
  <testcase classname="login.Signin" name="topics" time="0.011"/>
  <testcase classname="login.Signin" name="appclose" time="0.253"/>
</testsuite> <!-- Default test -->
