<?xml version="1.0" encoding="UTF-8"?>
<testng-results ignored="0" total="5" passed="5" failed="0" skipped="0">
  <reporter-output>
  </reporter-output>
  <suite started-at="2023-07-22T13:32:03Z" name="Default suite" finished-at="2023-07-22T13:32:08Z" duration-ms="4779">
    <groups>
    </groups>
    <test started-at="2023-07-22T13:32:03Z" name="Default test" finished-at="2023-07-22T13:32:08Z" duration-ms="4779">
      <class name="login.Signin">
        <test-method signature="OpenUrl()[pri:1, instance:login.Signin@7fd50002]" started-at="2023-07-22T13:32:03Z" name="OpenUrl" finished-at="2023-07-22T13:32:07Z" duration-ms="4096" status="PASS">
          <reporter-output>
          </reporter-output>
        </test-method> <!-- OpenUrl -->
        <test-method signature="registerpage()[pri:2, instance:login.Signin@7fd50002]" started-at="2023-07-22T13:32:07Z" name="registerpage" finished-at="2023-07-22T13:32:08Z" depends-on-methods="login.Signin.OpenUrl" duration-ms="356" status="PASS">
          <reporter-output>
          </reporter-output>
        </test-method> <!-- registerpage -->
        <test-method signature="title()[pri:3, instance:login.Signin@7fd50002]" started-at="2023-07-22T13:32:08Z" name="title" finished-at="2023-07-22T13:32:08Z" duration-ms="10" status="PASS">
          <reporter-output>
          </reporter-output>
        </test-method> <!-- title -->
        <test-method signature="topics()[pri:4, instance:login.Signin@7fd50002]" started-at="2023-07-22T13:32:08Z" name="topics" finished-at="2023-07-22T13:32:08Z" duration-ms="11" status="PASS">
          <reporter-output>
          </reporter-output>
        </test-method> <!-- topics -->
        <test-method signature="appclose()[pri:5, instance:login.Signin@7fd50002]" started-at="2023-07-22T13:32:08Z" name="appclose" finished-at="2023-07-22T13:32:08Z" duration-ms="253" status="PASS">
          <reporter-output>
          </reporter-output>
        </test-method> <!-- appclose -->
      </class> <!-- login.Signin -->
    </test> <!-- Default test -->
  </suite> <!-- Default suite -->
</testng-results>
